2015-06-17 18:24:56  [ main:60353 ] - [ ERROR ]  Plugin start error: com.jfinal.plugin.activerecord.ActiveRecordPlugin. 
java.sql.SQLException: Connections could not be acquired from the underlying database!
com.jfinal.plugin.activerecord.ActiveRecordException: java.sql.SQLException: Connections could not be acquired from the underlying database!
	at com.jfinal.plugin.activerecord.TableBuilder.build(TableBuilder.java:48)
	at com.jfinal.plugin.activerecord.ActiveRecordPlugin.start(ActiveRecordPlugin.java:171)
	at com.jfinal.core.Config.startPlugins(Config.java:87)
	at com.jfinal.core.Config.configJFinal(Config.java:48)
	at com.jfinal.core.JFinal.init(JFinal.java:67)
	at com.jfinal.core.JFinalFilter.init(JFinalFilter.java:49)
	at org.mortbay.jetty.servlet.FilterHolder.doStart(FilterHolder.java:97)
	at org.mortbay.component.AbstractLifeCycle.start(AbstractLifeCycle.java:50)
	at org.mortbay.jetty.servlet.ServletHandler.initialize(ServletHandler.java:713)
	at org.mortbay.jetty.servlet.Context.startContext(Context.java:140)
	at org.mortbay.jetty.webapp.WebAppContext.startContext(WebAppContext.java:1282)
	at org.mortbay.jetty.handler.ContextHandler.doStart(ContextHandler.java:518)
	at org.mortbay.jetty.webapp.WebAppContext.doStart(WebAppContext.java:499)
	at org.mortbay.component.AbstractLifeCycle.start(AbstractLifeCycle.java:50)
	at org.mortbay.jetty.handler.HandlerWrapper.doStart(HandlerWrapper.java:130)
	at org.mortbay.jetty.Server.doStart(Server.java:224)
	at org.mortbay.component.AbstractLifeCycle.start(AbstractLifeCycle.java:50)
	at runjettyrun.Bootstrap.main(Bootstrap.java:97)
Caused by: java.sql.SQLException: Connections could not be acquired from the underlying database!
	at com.mchange.v2.sql.SqlUtils.toSQLException(SqlUtils.java:106)
	at com.mchange.v2.c3p0.impl.C3P0PooledConnectionPool.checkoutPooledConnection(C3P0PooledConnectionPool.java:529)
	at com.mchange.v2.c3p0.impl.AbstractPoolBackedDataSource.getConnection(AbstractPoolBackedDataSource.java:128)
	at com.jfinal.plugin.activerecord.TableBuilder.build(TableBuilder.java:36)
	... 17 more
Caused by: com.mchange.v2.resourcepool.CannotAcquireResourceException: A ResourcePool could not acquire a resource from its primary factory or source.
	at com.mchange.v2.resourcepool.BasicResourcePool.awaitAvailable(BasicResourcePool.java:1319)
	at com.mchange.v2.resourcepool.BasicResourcePool.prelimCheckoutResource(BasicResourcePool.java:557)
	at com.mchange.v2.resourcepool.BasicResourcePool.checkoutResource(BasicResourcePool.java:477)
	at com.mchange.v2.c3p0.impl.C3P0PooledConnectionPool.checkoutPooledConnection(C3P0PooledConnectionPool.java:525)
	... 19 more
